<?xml version="1.0" encoding="UTF-8"?>
<!-- Generated by org.testng.reporters.JUnitReportReporter -->
<testsuite hostname="DESKTOP-121C7AT" failures="0" tests="3" name="org.tyss.practice.group.NomineeTest" time="0.005" errors="0" timestamp="2022-08-17T17:53:18 IST" skipped="0">
  <testcase classname="org.tyss.practice.group.NomineeTest" name="deleteNomineeTest" time="0.002"/>
  <system-out/>
  <testcase classname="org.tyss.practice.group.NomineeTest" name="editNomineeTest" time="0.001"/>
  <system-out/>
  <testcase classname="org.tyss.practice.group.NomineeTest" name="createNomineeTest" time="0.002"/>
  <system-out/>
</testsuite> <!-- org.tyss.practice.group.NomineeTest -->
