<?xml version="1.0" encoding="UTF-8"?>
<!-- Generated by org.testng.reporters.JUnitReportReporter -->
<testsuite hostname="DESKTOP-121C7AT" failures="0" tests="3" name="org.tyss.practice.group.PaymentTest" time="0.015" errors="0" timestamp="2022-08-17T17:53:18 IST" skipped="0">
  <testcase classname="org.tyss.practice.group.PaymentTest" name="createPaymentTest" time="0.012"/>
  <system-out/>
  <testcase classname="org.tyss.practice.group.PaymentTest" name="deletePaymentTest" time="0.002"/>
  <system-out/>
  <testcase classname="org.tyss.practice.group.PaymentTest" name="editPaymentTest" time="0.001"/>
  <system-out/>
</testsuite> <!-- org.tyss.practice.group.PaymentTest -->
